<?xml version="1.0" encoding="UTF-8"?>
<testng-results skipped="0" failed="0" ignored="1" total="2" passed="1">
  <reporter-output>
  </reporter-output>
  <suite name="FirstTestSuite" duration-ms="8440" started-at="2018-01-25T12:37:32Z" finished-at="2018-01-25T12:37:40Z">
    <groups>
    </groups>
    <test name="FirstTest" duration-ms="8440" started-at="2018-01-25T12:37:32Z" finished-at="2018-01-25T12:37:40Z">
      <class name="com.dice.FirstTest">
        <test-method status="PASS" signature="firstTestMethod()[pri:0, instance:com.dice.FirstTest@2d6e8792]" name="firstTestMethod" duration-ms="8410" started-at="2018-01-25T14:37:32Z" finished-at="2018-01-25T14:37:40Z">
          <reporter-output>
          </reporter-output>
        </test-method> <!-- firstTestMethod -->
      </class> <!-- com.dice.FirstTest -->
    </test> <!-- FirstTest -->
  </suite> <!-- FirstTestSuite -->
</testng-results>
